<?xml version="1.0" encoding="UTF-8" ?>
<testsuite failures="0" time="0.019" errors="0" skipped="1" tests="1" name="com.thoughtworks.GeneratePoemTest">
  <properties>
    <property name="java.runtime.name" value="Java(TM) SE Runtime Environment"/>
    <property name="sun.boot.library.path" value="/System/Library/Java/JavaVirtualMachines/1.6.0.jdk/Contents/Libraries"/>
    <property name="java.vm.version" value="20.8-b03-424"/>
    <property name="awt.nativeDoubleBuffering" value="true"/>
    <property name="gopherProxySet" value="false"/>
    <property name="mrj.build" value="11M3720"/>
    <property name="java.vm.vendor" value="Apple Inc."/>
    <property name="java.vendor.url" value="http://www.apple.com/"/>
    <property name="path.separator" value=":"/>
    <property name="java.vm.name" value="Java HotSpot(TM) 64-Bit Server VM"/>
    <property name="file.encoding.pkg" value="sun.io"/>
    <property name="user.country" value="US"/>
    <property name="sun.java.launcher" value="SUN_STANDARD"/>
    <property name="sun.os.patch.level" value="unknown"/>
    <property name="java.vm.specification.name" value="Java Virtual Machine Specification"/>
    <property name="user.dir" value="/Users/twer/sourcecode/study/poem-generator"/>
    <property name="java.runtime.version" value="1.6.0_33-b03-424-11M3720"/>
    <property name="java.awt.graphicsenv" value="apple.awt.CGraphicsEnvironment"/>
    <property name="basedir" value="/Users/twer/sourcecode/study/poem-generator"/>
    <property name="java.endorsed.dirs" value="/System/Library/Java/JavaVirtualMachines/1.6.0.jdk/Contents/Home/lib/endorsed"/>
    <property name="os.arch" value="x86_64"/>
    <property name="surefire.real.class.path" value="/Users/twer/sourcecode/study/poem-generator/target/surefire/surefirebooter3281110165281678956.jar"/>
    <property name="java.io.tmpdir" value="/var/folders/1d/gt2206452390kr5yfxddhw1w0000gn/T/"/>
    <property name="line.separator" value="
"/>
    <property name="java.vm.specification.vendor" value="Sun Microsystems Inc."/>
    <property name="os.name" value="Mac OS X"/>
    <property name="sun.jnu.encoding" value="MacRoman"/>
    <property name="java.library.path" value=".:/Library/Java/Extensions:/System/Library/Java/Extensions:/usr/lib/java"/>
    <property name="surefire.test.class.path" value="/Users/twer/sourcecode/study/poem-generator/target/test-classes:/Users/twer/sourcecode/study/poem-generator/target/classes:/Users/twer/.m2/repository/javax/servlet/servlet-api/2.5/servlet-api-2.5.jar:/Users/twer/.m2/repository/org/springframework/spring-core/3.1.1.RELEASE/spring-core-3.1.1.RELEASE.jar:/Users/twer/.m2/repository/org/springframework/spring-asm/3.1.1.RELEASE/spring-asm-3.1.1.RELEASE.jar:/Users/twer/.m2/repository/commons-logging/commons-logging/1.1.1/commons-logging-1.1.1.jar:/Users/twer/.m2/repository/org/springframework/spring-web/3.1.1.RELEASE/spring-web-3.1.1.RELEASE.jar:/Users/twer/.m2/repository/aopalliance/aopalliance/1.0/aopalliance-1.0.jar:/Users/twer/.m2/repository/org/springframework/spring-beans/3.1.1.RELEASE/spring-beans-3.1.1.RELEASE.jar:/Users/twer/.m2/repository/org/springframework/spring-context/3.1.1.RELEASE/spring-context-3.1.1.RELEASE.jar:/Users/twer/.m2/repository/org/springframework/spring-webmvc/3.1.1.RELEASE/spring-webmvc-3.1.1.RELEASE.jar:/Users/twer/.m2/repository/org/springframework/spring-context-support/3.1.1.RELEASE/spring-context-support-3.1.1.RELEASE.jar:/Users/twer/.m2/repository/org/springframework/spring-expression/3.1.1.RELEASE/spring-expression-3.1.1.RELEASE.jar:/Users/twer/.m2/repository/org/springframework/webflow/spring-webflow/2.4.0.BUILD-SNAPSHOT/spring-webflow-2.4.0.BUILD-SNAPSHOT.jar:/Users/twer/.m2/repository/org/springframework/webflow/spring-binding/2.4.0.BUILD-SNAPSHOT/spring-binding-2.4.0.BUILD-SNAPSHOT.jar:/Users/twer/.m2/repository/opensymphony/ognl/2.6.11/ognl-2.6.11.jar:/Users/twer/.m2/repository/org/springframework/webflow/spring-js/2.4.0.BUILD-SNAPSHOT/spring-js-2.4.0.BUILD-SNAPSHOT.jar:/Users/twer/.m2/repository/org/springframework/webflow/spring-js-resources/2.4.0.BUILD-SNAPSHOT/spring-js-resources-2.4.0.BUILD-SNAPSHOT.jar:/Users/twer/.m2/repository/org/springframework/spring-jdbc/3.1.1.RELEASE/spring-jdbc-3.1.1.RELEASE.jar:/Users/twer/.m2/repository/org/springframework/spring-tx/3.1.1.RELEASE/spring-tx-3.1.1.RELEASE.jar:/Users/twer/.m2/repository/org/springframework/spring-orm/3.1.1.RELEASE/spring-orm-3.1.1.RELEASE.jar:/Users/twer/.m2/repository/org/hibernate/hibernate-core/3.6.8.Final/hibernate-core-3.6.8.Final.jar:/Users/twer/.m2/repository/antlr/antlr/2.7.6/antlr-2.7.6.jar:/Users/twer/.m2/repository/commons-collections/commons-collections/3.1/commons-collections-3.1.jar:/Users/twer/.m2/repository/dom4j/dom4j/1.6.1/dom4j-1.6.1.jar:/Users/twer/.m2/repository/org/hibernate/hibernate-commons-annotations/3.2.0.Final/hibernate-commons-annotations-3.2.0.Final.jar:/Users/twer/.m2/repository/org/hibernate/javax/persistence/hibernate-jpa-2.0-api/1.0.1.Final/hibernate-jpa-2.0-api-1.0.1.Final.jar:/Users/twer/.m2/repository/javax/transaction/jta/1.1/jta-1.1.jar:/Users/twer/.m2/repository/org/slf4j/slf4j-api/1.6.1/slf4j-api-1.6.1.jar:/Users/twer/.m2/repository/org/hibernate/hibernate-entitymanager/3.6.8.Final/hibernate-entitymanager-3.6.8.Final.jar:/Users/twer/.m2/repository/cglib/cglib/2.2/cglib-2.2.jar:/Users/twer/.m2/repository/asm/asm/3.1/asm-3.1.jar:/Users/twer/.m2/repository/javassist/javassist/3.12.0.GA/javassist-3.12.0.GA.jar:/Users/twer/.m2/repository/org/hibernate/hibernate-ehcache/3.6.8.Final/hibernate-ehcache-3.6.8.Final.jar:/Users/twer/.m2/repository/net/sf/ehcache/ehcache-core/2.4.3/ehcache-core-2.4.3.jar:/Users/twer/.m2/repository/org/hibernate/hibernate-annotations/3.5.6-Final/hibernate-annotations-3.5.6-Final.jar:/Users/twer/.m2/repository/mysql/mysql-connector-java/5.1.9/mysql-connector-java-5.1.9.jar:/Users/twer/.m2/repository/junit/junit/4.10/junit-4.10.jar:/Users/twer/.m2/repository/org/hamcrest/hamcrest-core/1.1/hamcrest-core-1.1.jar:/Users/twer/.m2/repository/org/seleniumhq/selenium/selenium-java/2.25.0/selenium-java-2.25.0.jar:/Users/twer/.m2/repository/org/seleniumhq/selenium/selenium-android-driver/2.25.0/selenium-android-driver-2.25.0.jar:/Users/twer/.m2/repository/org/seleniumhq/selenium/selenium-remote-driver/2.25.0/selenium-remote-driver-2.25.0.jar:/Users/twer/.m2/repository/cglib/cglib-nodep/2.1_3/cglib-nodep-2.1_3.jar:/Users/twer/.m2/repository/org/json/json/20080701/json-20080701.jar:/Users/twer/.m2/repository/com/google/guava/guava/12.0/guava-12.0.jar:/Users/twer/.m2/repository/com/google/code/findbugs/jsr305/1.3.9/jsr305-1.3.9.jar:/Users/twer/.m2/repository/org/seleniumhq/selenium/selenium-chrome-driver/2.25.0/selenium-chrome-driver-2.25.0.jar:/Users/twer/.m2/repository/org/seleniumhq/selenium/selenium-htmlunit-driver/2.25.0/selenium-htmlunit-driver-2.25.0.jar:/Users/twer/.m2/repository/org/seleniumhq/selenium/selenium-api/2.25.0/selenium-api-2.25.0.jar:/Users/twer/.m2/repository/net/sourceforge/htmlunit/htmlunit/2.9/htmlunit-2.9.jar:/Users/twer/.m2/repository/xalan/xalan/2.7.1/xalan-2.7.1.jar:/Users/twer/.m2/repository/xalan/serializer/2.7.1/serializer-2.7.1.jar:/Users/twer/.m2/repository/commons-lang/commons-lang/2.6/commons-lang-2.6.jar:/Users/twer/.m2/repository/org/apache/httpcomponents/httpmime/4.1.2/httpmime-4.1.2.jar:/Users/twer/.m2/repository/net/sourceforge/htmlunit/htmlunit-core-js/2.9/htmlunit-core-js-2.9.jar:/Users/twer/.m2/repository/xerces/xercesImpl/2.9.1/xercesImpl-2.9.1.jar:/Users/twer/.m2/repository/net/sourceforge/nekohtml/nekohtml/1.9.15/nekohtml-1.9.15.jar:/Users/twer/.m2/repository/net/sourceforge/cssparser/cssparser/0.9.5/cssparser-0.9.5.jar:/Users/twer/.m2/repository/org/w3c/css/sac/1.3/sac-1.3.jar:/Users/twer/.m2/repository/org/apache/httpcomponents/httpclient/4.1.2/httpclient-4.1.2.jar:/Users/twer/.m2/repository/org/apache/httpcomponents/httpcore/4.1.2/httpcore-4.1.2.jar:/Users/twer/.m2/repository/org/seleniumhq/selenium/selenium-firefox-driver/2.25.0/selenium-firefox-driver-2.25.0.jar:/Users/twer/.m2/repository/commons-io/commons-io/2.0.1/commons-io-2.0.1.jar:/Users/twer/.m2/repository/org/apache/commons/commons-exec/1.1/commons-exec-1.1.jar:/Users/twer/.m2/repository/org/seleniumhq/selenium/selenium-ie-driver/2.25.0/selenium-ie-driver-2.25.0.jar:/Users/twer/.m2/repository/net/java/dev/jna/jna/3.4.0/jna-3.4.0.jar:/Users/twer/.m2/repository/net/java/dev/jna/platform/3.4.0/platform-3.4.0.jar:/Users/twer/.m2/repository/org/seleniumhq/selenium/selenium-iphone-driver/2.25.0/selenium-iphone-driver-2.25.0.jar:/Users/twer/.m2/repository/org/seleniumhq/selenium/selenium-safari-driver/2.25.0/selenium-safari-driver-2.25.0.jar:/Users/twer/.m2/repository/org/seleniumhq/selenium/selenium-support/2.25.0/selenium-support-2.25.0.jar:/Users/twer/.m2/repository/org/webbitserver/webbit/0.4.6/webbit-0.4.6.jar:/Users/twer/.m2/repository/org/jboss/netty/netty/3.2.7.Final/netty-3.2.7.Final.jar:/Users/twer/.m2/repository/org/seleniumhq/selenium/selenium-server/2.25.0/selenium-server-2.25.0.jar:/Users/twer/.m2/repository/org/bouncycastle/bcprov-jdk15on/1.47/bcprov-jdk15on-1.47.jar:/Users/twer/.m2/repository/org/bouncycastle/bcpkix-jdk15on/1.47/bcpkix-jdk15on-1.47.jar:/Users/twer/.m2/repository/mx4j/mx4j-tools/3.0.1/mx4j-tools-3.0.1.jar:/Users/twer/.m2/repository/org/mortbay/jetty/servlet-api-2.5/6.1.9/servlet-api-2.5-6.1.9.jar:/Users/twer/.m2/repository/org/seleniumhq/selenium/jetty-repacked/7.6.1/jetty-repacked-7.6.1.jar:/Users/twer/.m2/repository/net/jcip/jcip-annotations/1.0/jcip-annotations-1.0.jar:/Users/twer/.m2/repository/org/yaml/snakeyaml/1.8/snakeyaml-1.8.jar:/Users/twer/.m2/repository/commons-codec/commons-codec/1.6/commons-codec-1.6.jar:/Users/twer/.m2/repository/org/concordion/concordion/1.4.2/concordion-1.4.2.jar:/Users/twer/.m2/repository/junit/junit-dep/4.8.2/junit-dep-4.8.2.jar:/Users/twer/.m2/repository/ognl/ognl/2.6.9/ognl-2.6.9.jar:/Users/twer/.m2/repository/xom/xom/1.2.5/xom-1.2.5.jar:/Users/twer/.m2/repository/xml-apis/xml-apis/1.3.03/xml-apis-1.3.03.jar:/Users/twer/.m2/repository/org/springframework/security/spring-security-web/3.1.0.RELEASE/spring-security-web-3.1.0.RELEASE.jar:/Users/twer/.m2/repository/org/springframework/spring-aop/3.0.6.RELEASE/spring-aop-3.0.6.RELEASE.jar:/Users/twer/.m2/repository/org/springframework/security/spring-security-config/3.1.0.RELEASE/spring-security-config-3.1.0.RELEASE.jar:/Users/twer/.m2/repository/org/springframework/security/spring-security-core/3.1.0.RELEASE/spring-security-core-3.1.0.RELEASE.jar:/Users/twer/.m2/repository/org/springframework/security/spring-security-crypto/3.1.0.RELEASE/spring-security-crypto-3.1.0.RELEASE.jar:/Users/twer/.m2/repository/org/springframework/security/spring-security-taglibs/3.1.0.RELEASE/spring-security-taglibs-3.1.0.RELEASE.jar:/Users/twer/.m2/repository/org/springframework/security/spring-security-acl/3.1.0.RELEASE/spring-security-acl-3.1.0.RELEASE.jar:"/>
    <property name="java.specification.name" value="Java Platform API Specification"/>
    <property name="java.class.version" value="50.0"/>
    <property name="sun.management.compiler" value="HotSpot 64-Bit Tiered Compilers"/>
    <property name="os.version" value="10.7.4"/>
    <property name="http.nonProxyHosts" value="local|*.local|169.254/16|*.169.254/16"/>
    <property name="user.home" value="/Users/twer"/>
    <property name="user.timezone" value=""/>
    <property name="java.awt.printerjob" value="apple.awt.CPrinterJob"/>
    <property name="java.specification.version" value="1.6"/>
    <property name="file.encoding" value="MacRoman"/>
    <property name="user.name" value="twer"/>
    <property name="java.class.path" value="/Users/twer/sourcecode/study/poem-generator/target/test-classes:/Users/twer/sourcecode/study/poem-generator/target/classes:/Users/twer/.m2/repository/javax/servlet/servlet-api/2.5/servlet-api-2.5.jar:/Users/twer/.m2/repository/org/springframework/spring-core/3.1.1.RELEASE/spring-core-3.1.1.RELEASE.jar:/Users/twer/.m2/repository/org/springframework/spring-asm/3.1.1.RELEASE/spring-asm-3.1.1.RELEASE.jar:/Users/twer/.m2/repository/commons-logging/commons-logging/1.1.1/commons-logging-1.1.1.jar:/Users/twer/.m2/repository/org/springframework/spring-web/3.1.1.RELEASE/spring-web-3.1.1.RELEASE.jar:/Users/twer/.m2/repository/aopalliance/aopalliance/1.0/aopalliance-1.0.jar:/Users/twer/.m2/repository/org/springframework/spring-beans/3.1.1.RELEASE/spring-beans-3.1.1.RELEASE.jar:/Users/twer/.m2/repository/org/springframework/spring-context/3.1.1.RELEASE/spring-context-3.1.1.RELEASE.jar:/Users/twer/.m2/repository/org/springframework/spring-webmvc/3.1.1.RELEASE/spring-webmvc-3.1.1.RELEASE.jar:/Users/twer/.m2/repository/org/springframework/spring-context-support/3.1.1.RELEASE/spring-context-support-3.1.1.RELEASE.jar:/Users/twer/.m2/repository/org/springframework/spring-expression/3.1.1.RELEASE/spring-expression-3.1.1.RELEASE.jar:/Users/twer/.m2/repository/org/springframework/webflow/spring-webflow/2.4.0.BUILD-SNAPSHOT/spring-webflow-2.4.0.BUILD-SNAPSHOT.jar:/Users/twer/.m2/repository/org/springframework/webflow/spring-binding/2.4.0.BUILD-SNAPSHOT/spring-binding-2.4.0.BUILD-SNAPSHOT.jar:/Users/twer/.m2/repository/opensymphony/ognl/2.6.11/ognl-2.6.11.jar:/Users/twer/.m2/repository/org/springframework/webflow/spring-js/2.4.0.BUILD-SNAPSHOT/spring-js-2.4.0.BUILD-SNAPSHOT.jar:/Users/twer/.m2/repository/org/springframework/webflow/spring-js-resources/2.4.0.BUILD-SNAPSHOT/spring-js-resources-2.4.0.BUILD-SNAPSHOT.jar:/Users/twer/.m2/repository/org/springframework/spring-jdbc/3.1.1.RELEASE/spring-jdbc-3.1.1.RELEASE.jar:/Users/twer/.m2/repository/org/springframework/spring-tx/3.1.1.RELEASE/spring-tx-3.1.1.RELEASE.jar:/Users/twer/.m2/repository/org/springframework/spring-orm/3.1.1.RELEASE/spring-orm-3.1.1.RELEASE.jar:/Users/twer/.m2/repository/org/hibernate/hibernate-core/3.6.8.Final/hibernate-core-3.6.8.Final.jar:/Users/twer/.m2/repository/antlr/antlr/2.7.6/antlr-2.7.6.jar:/Users/twer/.m2/repository/commons-collections/commons-collections/3.1/commons-collections-3.1.jar:/Users/twer/.m2/repository/dom4j/dom4j/1.6.1/dom4j-1.6.1.jar:/Users/twer/.m2/repository/org/hibernate/hibernate-commons-annotations/3.2.0.Final/hibernate-commons-annotations-3.2.0.Final.jar:/Users/twer/.m2/repository/org/hibernate/javax/persistence/hibernate-jpa-2.0-api/1.0.1.Final/hibernate-jpa-2.0-api-1.0.1.Final.jar:/Users/twer/.m2/repository/javax/transaction/jta/1.1/jta-1.1.jar:/Users/twer/.m2/repository/org/slf4j/slf4j-api/1.6.1/slf4j-api-1.6.1.jar:/Users/twer/.m2/repository/org/hibernate/hibernate-entitymanager/3.6.8.Final/hibernate-entitymanager-3.6.8.Final.jar:/Users/twer/.m2/repository/cglib/cglib/2.2/cglib-2.2.jar:/Users/twer/.m2/repository/asm/asm/3.1/asm-3.1.jar:/Users/twer/.m2/repository/javassist/javassist/3.12.0.GA/javassist-3.12.0.GA.jar:/Users/twer/.m2/repository/org/hibernate/hibernate-ehcache/3.6.8.Final/hibernate-ehcache-3.6.8.Final.jar:/Users/twer/.m2/repository/net/sf/ehcache/ehcache-core/2.4.3/ehcache-core-2.4.3.jar:/Users/twer/.m2/repository/org/hibernate/hibernate-annotations/3.5.6-Final/hibernate-annotations-3.5.6-Final.jar:/Users/twer/.m2/repository/mysql/mysql-connector-java/5.1.9/mysql-connector-java-5.1.9.jar:/Users/twer/.m2/repository/junit/junit/4.10/junit-4.10.jar:/Users/twer/.m2/repository/org/hamcrest/hamcrest-core/1.1/hamcrest-core-1.1.jar:/Users/twer/.m2/repository/org/seleniumhq/selenium/selenium-java/2.25.0/selenium-java-2.25.0.jar:/Users/twer/.m2/repository/org/seleniumhq/selenium/selenium-android-driver/2.25.0/selenium-android-driver-2.25.0.jar:/Users/twer/.m2/repository/org/seleniumhq/selenium/selenium-remote-driver/2.25.0/selenium-remote-driver-2.25.0.jar:/Users/twer/.m2/repository/cglib/cglib-nodep/2.1_3/cglib-nodep-2.1_3.jar:/Users/twer/.m2/repository/org/json/json/20080701/json-20080701.jar:/Users/twer/.m2/repository/com/google/guava/guava/12.0/guava-12.0.jar:/Users/twer/.m2/repository/com/google/code/findbugs/jsr305/1.3.9/jsr305-1.3.9.jar:/Users/twer/.m2/repository/org/seleniumhq/selenium/selenium-chrome-driver/2.25.0/selenium-chrome-driver-2.25.0.jar:/Users/twer/.m2/repository/org/seleniumhq/selenium/selenium-htmlunit-driver/2.25.0/selenium-htmlunit-driver-2.25.0.jar:/Users/twer/.m2/repository/org/seleniumhq/selenium/selenium-api/2.25.0/selenium-api-2.25.0.jar:/Users/twer/.m2/repository/net/sourceforge/htmlunit/htmlunit/2.9/htmlunit-2.9.jar:/Users/twer/.m2/repository/xalan/xalan/2.7.1/xalan-2.7.1.jar:/Users/twer/.m2/repository/xalan/serializer/2.7.1/serializer-2.7.1.jar:/Users/twer/.m2/repository/commons-lang/commons-lang/2.6/commons-lang-2.6.jar:/Users/twer/.m2/repository/org/apache/httpcomponents/httpmime/4.1.2/httpmime-4.1.2.jar:/Users/twer/.m2/repository/net/sourceforge/htmlunit/htmlunit-core-js/2.9/htmlunit-core-js-2.9.jar:/Users/twer/.m2/repository/xerces/xercesImpl/2.9.1/xercesImpl-2.9.1.jar:/Users/twer/.m2/repository/net/sourceforge/nekohtml/nekohtml/1.9.15/nekohtml-1.9.15.jar:/Users/twer/.m2/repository/net/sourceforge/cssparser/cssparser/0.9.5/cssparser-0.9.5.jar:/Users/twer/.m2/repository/org/w3c/css/sac/1.3/sac-1.3.jar:/Users/twer/.m2/repository/org/apache/httpcomponents/httpclient/4.1.2/httpclient-4.1.2.jar:/Users/twer/.m2/repository/org/apache/httpcomponents/httpcore/4.1.2/httpcore-4.1.2.jar:/Users/twer/.m2/repository/org/seleniumhq/selenium/selenium-firefox-driver/2.25.0/selenium-firefox-driver-2.25.0.jar:/Users/twer/.m2/repository/commons-io/commons-io/2.0.1/commons-io-2.0.1.jar:/Users/twer/.m2/repository/org/apache/commons/commons-exec/1.1/commons-exec-1.1.jar:/Users/twer/.m2/repository/org/seleniumhq/selenium/selenium-ie-driver/2.25.0/selenium-ie-driver-2.25.0.jar:/Users/twer/.m2/repository/net/java/dev/jna/jna/3.4.0/jna-3.4.0.jar:/Users/twer/.m2/repository/net/java/dev/jna/platform/3.4.0/platform-3.4.0.jar:/Users/twer/.m2/repository/org/seleniumhq/selenium/selenium-iphone-driver/2.25.0/selenium-iphone-driver-2.25.0.jar:/Users/twer/.m2/repository/org/seleniumhq/selenium/selenium-safari-driver/2.25.0/selenium-safari-driver-2.25.0.jar:/Users/twer/.m2/repository/org/seleniumhq/selenium/selenium-support/2.25.0/selenium-support-2.25.0.jar:/Users/twer/.m2/repository/org/webbitserver/webbit/0.4.6/webbit-0.4.6.jar:/Users/twer/.m2/repository/org/jboss/netty/netty/3.2.7.Final/netty-3.2.7.Final.jar:/Users/twer/.m2/repository/org/seleniumhq/selenium/selenium-server/2.25.0/selenium-server-2.25.0.jar:/Users/twer/.m2/repository/org/bouncycastle/bcprov-jdk15on/1.47/bcprov-jdk15on-1.47.jar:/Users/twer/.m2/repository/org/bouncycastle/bcpkix-jdk15on/1.47/bcpkix-jdk15on-1.47.jar:/Users/twer/.m2/repository/mx4j/mx4j-tools/3.0.1/mx4j-tools-3.0.1.jar:/Users/twer/.m2/repository/org/mortbay/jetty/servlet-api-2.5/6.1.9/servlet-api-2.5-6.1.9.jar:/Users/twer/.m2/repository/org/seleniumhq/selenium/jetty-repacked/7.6.1/jetty-repacked-7.6.1.jar:/Users/twer/.m2/repository/net/jcip/jcip-annotations/1.0/jcip-annotations-1.0.jar:/Users/twer/.m2/repository/org/yaml/snakeyaml/1.8/snakeyaml-1.8.jar:/Users/twer/.m2/repository/commons-codec/commons-codec/1.6/commons-codec-1.6.jar:/Users/twer/.m2/repository/org/concordion/concordion/1.4.2/concordion-1.4.2.jar:/Users/twer/.m2/repository/junit/junit-dep/4.8.2/junit-dep-4.8.2.jar:/Users/twer/.m2/repository/ognl/ognl/2.6.9/ognl-2.6.9.jar:/Users/twer/.m2/repository/xom/xom/1.2.5/xom-1.2.5.jar:/Users/twer/.m2/repository/xml-apis/xml-apis/1.3.03/xml-apis-1.3.03.jar:/Users/twer/.m2/repository/org/springframework/security/spring-security-web/3.1.0.RELEASE/spring-security-web-3.1.0.RELEASE.jar:/Users/twer/.m2/repository/org/springframework/spring-aop/3.0.6.RELEASE/spring-aop-3.0.6.RELEASE.jar:/Users/twer/.m2/repository/org/springframework/security/spring-security-config/3.1.0.RELEASE/spring-security-config-3.1.0.RELEASE.jar:/Users/twer/.m2/repository/org/springframework/security/spring-security-core/3.1.0.RELEASE/spring-security-core-3.1.0.RELEASE.jar:/Users/twer/.m2/repository/org/springframework/security/spring-security-crypto/3.1.0.RELEASE/spring-security-crypto-3.1.0.RELEASE.jar:/Users/twer/.m2/repository/org/springframework/security/spring-security-taglibs/3.1.0.RELEASE/spring-security-taglibs-3.1.0.RELEASE.jar:/Users/twer/.m2/repository/org/springframework/security/spring-security-acl/3.1.0.RELEASE/spring-security-acl-3.1.0.RELEASE.jar:"/>
    <property name="java.vm.specification.version" value="1.0"/>
    <property name="sun.arch.data.model" value="64"/>
    <property name="java.home" value="/System/Library/Java/JavaVirtualMachines/1.6.0.jdk/Contents/Home"/>
    <property name="sun.java.command" value="/Users/twer/sourcecode/study/poem-generator/target/surefire/surefirebooter3281110165281678956.jar /Users/twer/sourcecode/study/poem-generator/target/surefire/surefire6462149635313552819tmp /Users/twer/sourcecode/study/poem-generator/target/surefire/surefire9180918629176163676tmp"/>
    <property name="java.specification.vendor" value="Sun Microsystems Inc."/>
    <property name="user.language" value="en"/>
    <property name="awt.toolkit" value="apple.awt.CToolkit"/>
    <property name="java.vm.info" value="mixed mode"/>
    <property name="java.version" value="1.6.0_33"/>
    <property name="java.ext.dirs" value="/Library/Java/Extensions:/System/Library/Java/Extensions:/System/Library/Java/JavaVirtualMachines/1.6.0.jdk/Contents/Home/lib/ext"/>
    <property name="sun.boot.class.path" value="/System/Library/Java/JavaVirtualMachines/1.6.0.jdk/Contents/Classes/jsfd.jar:/System/Library/Java/JavaVirtualMachines/1.6.0.jdk/Contents/Classes/classes.jar:/System/Library/Frameworks/JavaVM.framework/Frameworks/JavaRuntimeSupport.framework/Resources/Java/JavaRuntimeSupport.jar:/System/Library/Java/JavaVirtualMachines/1.6.0.jdk/Contents/Classes/ui.jar:/System/Library/Java/JavaVirtualMachines/1.6.0.jdk/Contents/Classes/laf.jar:/System/Library/Java/JavaVirtualMachines/1.6.0.jdk/Contents/Classes/sunrsasign.jar:/System/Library/Java/JavaVirtualMachines/1.6.0.jdk/Contents/Classes/jsse.jar:/System/Library/Java/JavaVirtualMachines/1.6.0.jdk/Contents/Classes/jce.jar:/System/Library/Java/JavaVirtualMachines/1.6.0.jdk/Contents/Classes/charsets.jar"/>
    <property name="java.vendor" value="Apple Inc."/>
    <property name="localRepository" value="/Users/twer/.m2/repository"/>
    <property name="file.separator" value="/"/>
    <property name="java.vendor.url.bug" value="http://bugreport.apple.com/"/>
    <property name="sun.cpu.endian" value="little"/>
    <property name="sun.io.unicode.encoding" value="UnicodeLittle"/>
    <property name="mrj.version" value="1070.1.6.0_33-424"/>
    <property name="socksNonProxyHosts" value="local|*.local|169.254/16|*.169.254/16"/>
    <property name="ftp.nonProxyHosts" value="local|*.local|169.254/16|*.169.254/16"/>
    <property name="sun.cpu.isalist" value=""/>
  </properties>
  <testcase time="0" classname="com.thoughtworks.GeneratePoemTest" name="com.thoughtworks.GeneratePoemTest">
    <skipped/>
  </testcase>
</testsuite>